<?xml version="1.0" encoding="UTF-8"?>
<testng-results ignored="0" total="1" passed="1" failed="0" skipped="0">
  <reporter-output>
  </reporter-output>
  <suite started-at="2025-07-26T15:03:06Z" name="Default suite" finished-at="2025-07-26T15:03:09Z" duration-ms="2421">
    <groups>
    </groups>
    <test started-at="2025-07-26T15:03:06Z" name="Default test" finished-at="2025-07-26T15:03:09Z" duration-ms="2421">
      <class name="login.api.test.DoctorTest">
        <test-method signature="testRegister()[pri:0, instance:login.api.test.DoctorTest@20435c40]" started-at="2025-07-26T15:03:06Z" name="testRegister" description="Validate doctor able to register or not" finished-at="2025-07-26T15:03:09Z" duration-ms="2404" status="PASS">
          <reporter-output>
          </reporter-output>
        </test-method> <!-- testRegister -->
      </class> <!-- login.api.test.DoctorTest -->
    </test> <!-- Default test -->
  </suite> <!-- Default suite -->
</testng-results>
