<?xml version="1.0" encoding="UTF-8"?>
<testng-results ignored="0" total="1" passed="1" failed="0" skipped="0">
  <reporter-output>
  </reporter-output>
  <suite started-at="2025-07-26T20:49:53Z" name="Default suite" finished-at="2025-07-26T20:49:55Z" duration-ms="2397">
    <groups>
    </groups>
    <test started-at="2025-07-26T20:49:53Z" name="Default test" finished-at="2025-07-26T20:49:55Z" duration-ms="2397">
      <class name="login.api.test.PatientTest">
        <test-method signature="register()[pri:0, instance:login.api.test.PatientTest@225129c]" started-at="2025-07-26T20:49:53Z" name="register" description="Verify Patient is able to register or not" finished-at="2025-07-26T20:49:55Z" duration-ms="2378" status="PASS">
          <reporter-output>
          </reporter-output>
        </test-method> <!-- register -->
      </class> <!-- login.api.test.PatientTest -->
    </test> <!-- Default test -->
  </suite> <!-- Default suite -->
</testng-results>
